Running Gradle task 'assembleRelease'...                        
flutter : lib/app/auth/login_page.dart:136:33: Error: 
The getter 'accessToken' isn't defined for the type 
'GoogleSignInAuthentication'.
En línea: 1 Carácter: 1
+ flutter build apk --release 2>&1 | Out-File 
-FilePath build_release_o ...
+ ~~~~~~~~~~~~~~~~~~~~~~~~~~~~~~~~
    + CategoryInfo          : NotSpecified: (lib/app   
 /auth/lo...uthentication'.:String) [], RemoteExc    
eption
    + FullyQualifiedErrorId : NativeCommandError
 
 - 'GoogleSignInAuthentication' is from 
'package:google_sign_in/src/token_types.dart' ('../../.
./../AppData/Local/Pub/Cache/hosted/pub.dev/google_sign
_in-7.2.0/lib/src/token_types.dart').
Try correcting the name to the name of an existing 
getter, or defining a getter or field named 
'accessToken'.
        accessToken: googleAuth.accessToken,
                                ^^^^^^^^^^^
lib/app/auth/signup_page.dart:165:33: Error: The 
getter 'accessToken' isn't defined for the type 
'GoogleSignInAuthentication'.
 - 'GoogleSignInAuthentication' is from 
'package:google_sign_in/src/token_types.dart' ('../../.
./../AppData/Local/Pub/Cache/hosted/pub.dev/google_sign
_in-7.2.0/lib/src/token_types.dart').
Try correcting the name to the name of an existing 
getter, or defining a getter or field named 
'accessToken'.
        accessToken: googleAuth.accessToken,
                                ^^^^^^^^^^^
Target kernel_snapshot_program failed: Exception


FAILURE: Build failed with an exception.

* What went wrong:
Execution failed for task 
':app:compileFlutterBuildRelease'.
> Process 'command 'C:\src\flutter\bin\flutter.bat'' 
finished with non-zero exit value 1

* Try:
> Run with --stacktrace option to get the stack trace.
> Run with --info or --debug option to get more log 
output.
> Run with --scan to get full insights.
> Get more help at https://help.gradle.org.

BUILD FAILED in 25s
Running Gradle task 'assembleRelease'...                           25.9s
Gradle task assembleRelease failed with exit code 1
